
Uploaded    (in 1s)
  from:     dist/web
  to:
  • host    localhost:5000                                                              
  • cell    cell:cklhfzi8w000egiet04vf6pzd:A1                                           
  • files: 
            dist/web/124.js                                                              147.59 KB
            dist/web/242.js                                                              19.26 KB 
            dist/web/242.js.LICENSE.txt                                                  410 B    
            dist/web/283.js                                                              10.41 KB 
            dist/web/293.js                                                              17.85 KB 
            dist/web/350.js                                                              120.94 KB
            dist/web/350.js.LICENSE.txt                                                  545 B    
            dist/web/508.js                                                              234 B    
            dist/web/604.js                                                              1.56 MB  
            dist/web/604.js.LICENSE.txt                                                  1.67 KB  
            dist/web/784.js                                                              354.39 KB
            dist/web/902.js                                                              6.91 KB  
            dist/web/902.js.LICENSE.txt                                                  294 B    
            dist/web/index.html                                                          300 B    
            dist/web/index.json                                                          10.25 KB 
            dist/web/main.js                                                             24.67 KB 
            dist/web/remoteEntry.js                                                      6.83 KB  
            dist/web/static/favicon.ico                                                  54.02 KB 
            dist/web/static/images.tmp.peer-1/1/1-accounting.png                         209.36 KB
            dist/web/static/images.tmp.peer-1/1/1-doug.png                               443.17 KB
            dist/web/static/images.tmp.peer-1/1/collaboration-primitives.png             274.8 KB 
            dist/web/static/images.tmp.peer-1/1/fight-club-rule.png                      608.56 KB
            dist/web/static/images.tmp.peer-1/2.hello/hello.png                          251.19 KB
            dist/web/static/images.tmp.peer-1/3.ideas/collaboration.scale.png            696.63 KB
            dist/web/static/images.tmp.peer-1/3.ideas/tmp.machine.png                    1.41 MB  
            dist/web/static/images.tmp.peer-1/6.sys/distributed-functional-runtime.png   297.38 KB
            dist/web/static/images.tmp.peer-1/6.sys/system.png                           1.31 MB  
            dist/web/static/images.tmp.peer-1/6.sys/tmp.sys.png                          605.92 KB
            dist/web/static/images.tmp.peer-1/7.fn/cell.runtime-compiler-func.png        1.7 MB   
            dist/web/static/images.tmp.peer-2/1/collaboration-primitives.png             271.62 KB
            dist/web/static/images.tmp.peer-2/1/fight-club-rule.png                      608.56 KB
            dist/web/static/images.tmp.peer-2/2.rowan/rorschach-blot.jpg                 14.97 KB 
            dist/web/static/images.tmp.peer-2/2.rowan/rowan-faces.png                    862.5 KB 
            dist/web/static/images.tmp.peer-2/2.rowan/rowan-video.png                    756.15 KB
            dist/web/static/index.json                                                   6.91 KB  
                                                                                         12.5 MB   (35 files)

manifest.hash.files:
sha256-620e6eff32bb23a2082a32033b67d12d708f725868647b04fe1b3e2bf16853ee
━━━━━━━━━━━━━━━━━━━━━━━━━━━━━━━━━━━━━━━━━━━━━━━━━━━━━━━━━━━━

Links
  cell      http://localhost:5000/cell:cklhfzi8w000egiet04vf6pzd:A1                         
  files     http://localhost:5000/cell:cklhfzi8w000egiet04vf6pzd:A1/fs?filter=sample/**     
  remote    http://localhost:5000/cell:cklhfzi8w000egiet04vf6pzd:A1/fs/sample/remoteEntry.js
  manifest  http://localhost:5000/cell:cklhfzi8w000egiet04vf6pzd:A1/fs/sample/index.json    
  entry     http://localhost:5000/cell:cklhfzi8w000egiet04vf6pzd:A1/fs/sample/index.html    

━━━━━━━━━━━━━━━━━━━━━━━━━━━━━━━━━━━━━━━━━━━━━━━━━━━━━━━━━━━━


Uploaded    (in 6s)
  from:     dist/web
  to:
  • host    localhost:5000                                                              
  • cell    cell:cklhfzi8w000egiet04vf6pzd:A1                                           
  • files: 
            dist/web/124.js                                                              147.59 KB
            dist/web/242.js                                                              19.26 KB 
            dist/web/242.js.LICENSE.txt                                                  410 B    
            dist/web/283.js                                                              10.41 KB 
            dist/web/293.js                                                              17.85 KB 
            dist/web/350.js                                                              120.94 KB
            dist/web/350.js.LICENSE.txt                                                  545 B    
            dist/web/508.js                                                              234 B    
            dist/web/604.js                                                              1.56 MB  
            dist/web/604.js.LICENSE.txt                                                  1.67 KB  
            dist/web/784.js                                                              354.39 KB
            dist/web/902.js                                                              6.91 KB  
            dist/web/902.js.LICENSE.txt                                                  294 B    
            dist/web/index.html                                                          300 B    
            dist/web/index.json                                                          10.25 KB 
            dist/web/main.js                                                             24.67 KB 
            dist/web/remoteEntry.js                                                      6.83 KB  
            dist/web/static/favicon.ico                                                  54.02 KB 
            dist/web/static/images.tmp.peer-1/1/1-accounting.png                         209.36 KB
            dist/web/static/images.tmp.peer-1/1/1-doug.png                               443.17 KB
            dist/web/static/images.tmp.peer-1/1/collaboration-primitives.png             274.8 KB 
            dist/web/static/images.tmp.peer-1/1/fight-club-rule.png                      608.56 KB
            dist/web/static/images.tmp.peer-1/2.hello/hello.png                          251.19 KB
            dist/web/static/images.tmp.peer-1/3.ideas/collaboration.scale.png            696.63 KB
            dist/web/static/images.tmp.peer-1/3.ideas/tmp.machine.png                    1.41 MB  
            dist/web/static/images.tmp.peer-1/6.sys/distributed-functional-runtime.png   297.38 KB
            dist/web/static/images.tmp.peer-1/6.sys/system.png                           1.31 MB  
            dist/web/static/images.tmp.peer-1/6.sys/tmp.sys.png                          605.92 KB
            dist/web/static/images.tmp.peer-1/7.fn/cell.runtime-compiler-func.png        1.7 MB   
            dist/web/static/images.tmp.peer-2/1/collaboration-primitives.png             271.62 KB
            dist/web/static/images.tmp.peer-2/1/fight-club-rule.png                      608.56 KB
            dist/web/static/images.tmp.peer-2/2.rowan/rorschach-blot.jpg                 14.97 KB 
            dist/web/static/images.tmp.peer-2/2.rowan/rowan-faces.png                    862.5 KB 
            dist/web/static/images.tmp.peer-2/2.rowan/rowan-video.png                    756.15 KB
            dist/web/static/index.json                                                   8.39 KB  
                                                                                         12.51 MB  (35 files)

manifest.hash.files:
sha256-d6df11b60be8274300220c964a420531f2641b345dab8446dbe5dbd0a8f91179
━━━━━━━━━━━━━━━━━━━━━━━━━━━━━━━━━━━━━━━━━━━━━━━━━━━━━━━━━━━━

Links
  cell      http://localhost:5000/cell:cklhfzi8w000egiet04vf6pzd:A1                         
  files     http://localhost:5000/cell:cklhfzi8w000egiet04vf6pzd:A1/fs?filter=sample/**     
  remote    http://localhost:5000/cell:cklhfzi8w000egiet04vf6pzd:A1/fs/sample/remoteEntry.js
  manifest  http://localhost:5000/cell:cklhfzi8w000egiet04vf6pzd:A1/fs/sample/index.json    
  entry     http://localhost:5000/cell:cklhfzi8w000egiet04vf6pzd:A1/fs/sample/index.html    

━━━━━━━━━━━━━━━━━━━━━━━━━━━━━━━━━━━━━━━━━━━━━━━━━━━━━━━━━━━━


Uploaded    (in 3s)
  from:     dist/web
  to:
  • host    localhost:5000                                                              
  • cell    cell:cklhfzi8w000egiet04vf6pzd:A1                                           
  • files: 
            dist/web/124.js                                                              147.59 KB
            dist/web/242.js                                                              19.26 KB 
            dist/web/242.js.LICENSE.txt                                                  410 B    
            dist/web/283.js                                                              10.41 KB 
            dist/web/293.js                                                              17.85 KB 
            dist/web/350.js                                                              120.94 KB
            dist/web/350.js.LICENSE.txt                                                  545 B    
            dist/web/508.js                                                              234 B    
            dist/web/604.js                                                              1.56 MB  
            dist/web/604.js.LICENSE.txt                                                  1.67 KB  
            dist/web/784.js                                                              354.39 KB
            dist/web/902.js                                                              6.91 KB  
            dist/web/902.js.LICENSE.txt                                                  294 B    
            dist/web/index.html                                                          300 B    
            dist/web/index.json                                                          10.25 KB 
            dist/web/main.js                                                             24.67 KB 
            dist/web/remoteEntry.js                                                      6.83 KB  
            dist/web/static/favicon.ico                                                  54.02 KB 
            dist/web/static/images.tmp.peer-1/1/1-accounting.png                         209.36 KB
            dist/web/static/images.tmp.peer-1/1/1-doug.png                               443.17 KB
            dist/web/static/images.tmp.peer-1/1/collaboration-primitives.png             274.8 KB 
            dist/web/static/images.tmp.peer-1/1/fight-club-rule.png                      608.56 KB
            dist/web/static/images.tmp.peer-1/2.hello/hello.png                          251.19 KB
            dist/web/static/images.tmp.peer-1/3.ideas/collaboration.scale.png            696.63 KB
            dist/web/static/images.tmp.peer-1/3.ideas/tmp.machine.png                    1.41 MB  
            dist/web/static/images.tmp.peer-1/6.sys/distributed-functional-runtime.png   297.38 KB
            dist/web/static/images.tmp.peer-1/6.sys/system.png                           1.31 MB  
            dist/web/static/images.tmp.peer-1/6.sys/tmp.sys.png                          605.92 KB
            dist/web/static/images.tmp.peer-1/7.fn/cell.runtime-compiler-func.png        1.7 MB   
            dist/web/static/images.tmp.peer-2/1/collaboration-primitives.png             271.62 KB
            dist/web/static/images.tmp.peer-2/1/fight-club-rule.png                      608.56 KB
            dist/web/static/images.tmp.peer-2/2.rowan/rorschach-blot.jpg                 14.97 KB 
            dist/web/static/images.tmp.peer-2/2.rowan/rowan-faces.png                    862.5 KB 
            dist/web/static/images.tmp.peer-2/2.rowan/rowan-video.png                    756.15 KB
            dist/web/static/index.json                                                   8.39 KB  
                                                                                         12.51 MB  (35 files)

manifest.hash.files:
sha256-c8eb6280b0350d5336efcf8cd7d70516e24bfe41909f5381b4af1dd4fa48df8d
━━━━━━━━━━━━━━━━━━━━━━━━━━━━━━━━━━━━━━━━━━━━━━━━━━━━━━━━━━━━

Links
  cell      http://localhost:5000/cell:cklhfzi8w000egiet04vf6pzd:A1                         
  files     http://localhost:5000/cell:cklhfzi8w000egiet04vf6pzd:A1/fs?filter=sample/**     
  remote    http://localhost:5000/cell:cklhfzi8w000egiet04vf6pzd:A1/fs/sample/remoteEntry.js
  manifest  http://localhost:5000/cell:cklhfzi8w000egiet04vf6pzd:A1/fs/sample/index.json    
  entry     http://localhost:5000/cell:cklhfzi8w000egiet04vf6pzd:A1/fs/sample/index.html    

━━━━━━━━━━━━━━━━━━━━━━━━━━━━━━━━━━━━━━━━━━━━━━━━━━━━━━━━━━━━

